<?xml version="1.0" encoding="UTF-8"?>
<testsuite xmlns:xsi="http://www.w3.org/2001/XMLSchema-instance" xsi:noNamespaceSchemaLocation="https://maven.apache.org/surefire/maven-surefire-plugin/xsd/surefire-test-report-3.0.xsd" version="3.0" name="atsToken.ATSTokenContractTest" time="8.36" tests="24" errors="0" skipped="0" failures="0">
  <properties>
    <property name="sun.desktop" value="gnome"/>
    <property name="awt.toolkit" value="sun.awt.X11.XToolkit"/>
    <property name="java.specification.version" value="11"/>
    <property name="sun.cpu.isalist" value=""/>
    <property name="sun.jnu.encoding" value="UTF-8"/>
    <property name="java.class.path" value="/home/jennifer/Integration/ATS/Aion-ATS-Token-Contract-Java/ATSTokenContract/target/test-classes:/home/jennifer/Integration/ATS/Aion-ATS-Token-Contract-Java/ATSTokenContract/target/classes:/home/jennifer/Integration/ATS/Aion-ATS-Token-Contract-Java/ATSTokenContract/lib/org-aion-avm-api.jar:/home/jennifer/Integration/ATS/Aion-ATS-Token-Contract-Java/ATSTokenContract/lib/org-aion-avm-userlib.jar:/home/jennifer/Integration/ATS/Aion-ATS-Token-Contract-Java/ATSTokenContract/lib/org-aion-avm-tooling.jar:/home/jennifer/.m2/repository/junit/junit/4.11/junit-4.11.jar:/home/jennifer/.m2/repository/org/hamcrest/hamcrest-core/1.3/hamcrest-core-1.3.jar:/home/jennifer/.m2/repository/atsToken/aion/avm/1.0-SNAPSHOT/avm-1.0-SNAPSHOT.jar:"/>
    <property name="java.vm.vendor" value="Oracle Corporation"/>
    <property name="sun.arch.data.model" value="64"/>
    <property name="java.vendor.url" value="http://java.oracle.com/"/>
    <property name="user.timezone" value=""/>
    <property name="java.vm.specification.version" value="11"/>
    <property name="os.name" value="Linux"/>
    <property name="sun.java.launcher" value="SUN_STANDARD"/>
    <property name="user.country" value="US"/>
    <property name="sun.boot.library.path" value="/home/jennifer/jdk-11.0.1/lib"/>
    <property name="sun.java.command" value="/home/jennifer/Integration/ATS/Aion-ATS-Token-Contract-Java/ATSTokenContract/target/surefire/surefirebooter16723722487148625044.jar /home/jennifer/Integration/ATS/Aion-ATS-Token-Contract-Java/ATSTokenContract/target/surefire 2019-06-04T17-34-13_117-jvmRun1 surefire14930453577043211695tmp surefire_017360785014460318961tmp"/>
    <property name="jdk.debug" value="release"/>
    <property name="surefire.test.class.path" value="/home/jennifer/Integration/ATS/Aion-ATS-Token-Contract-Java/ATSTokenContract/target/test-classes:/home/jennifer/Integration/ATS/Aion-ATS-Token-Contract-Java/ATSTokenContract/target/classes:/home/jennifer/Integration/ATS/Aion-ATS-Token-Contract-Java/ATSTokenContract/lib/org-aion-avm-api.jar:/home/jennifer/Integration/ATS/Aion-ATS-Token-Contract-Java/ATSTokenContract/lib/org-aion-avm-userlib.jar:/home/jennifer/Integration/ATS/Aion-ATS-Token-Contract-Java/ATSTokenContract/lib/org-aion-avm-tooling.jar:/home/jennifer/.m2/repository/junit/junit/4.11/junit-4.11.jar:/home/jennifer/.m2/repository/org/hamcrest/hamcrest-core/1.3/hamcrest-core-1.3.jar:/home/jennifer/.m2/repository/atsToken/aion/avm/1.0-SNAPSHOT/avm-1.0-SNAPSHOT.jar:"/>
    <property name="sun.cpu.endian" value="little"/>
    <property name="user.home" value="/home/jennifer"/>
    <property name="user.language" value="en"/>
    <property name="java.specification.vendor" value="Oracle Corporation"/>
    <property name="java.version.date" value="2018-10-16"/>
    <property name="java.home" value="/home/jennifer/jdk-11.0.1"/>
    <property name="file.separator" value="/"/>
    <property name="basedir" value="/home/jennifer/Integration/ATS/Aion-ATS-Token-Contract-Java/ATSTokenContract"/>
    <property name="java.vm.compressedOopsMode" value="32-bit"/>
    <property name="line.separator" value="&#10;"/>
    <property name="java.specification.name" value="Java Platform API Specification"/>
    <property name="java.vm.specification.vendor" value="Oracle Corporation"/>
    <property name="java.awt.graphicsenv" value="sun.awt.X11GraphicsEnvironment"/>
    <property name="surefire.real.class.path" value="/home/jennifer/Integration/ATS/Aion-ATS-Token-Contract-Java/ATSTokenContract/target/surefire/surefirebooter16723722487148625044.jar"/>
    <property name="sun.management.compiler" value="HotSpot 64-Bit Tiered Compilers"/>
    <property name="java.runtime.version" value="11.0.1+13"/>
    <property name="user.name" value="jennifer"/>
    <property name="path.separator" value=":"/>
    <property name="os.version" value="4.15.0-50-generic"/>
    <property name="java.runtime.name" value="OpenJDK Runtime Environment"/>
    <property name="file.encoding" value="UTF8"/>
    <property name="java.vm.name" value="OpenJDK 64-Bit Server VM"/>
    <property name="java.vendor.version" value="18.9"/>
    <property name="localRepository" value="/home/jennifer/.m2/repository"/>
    <property name="java.vendor.url.bug" value="http://bugreport.java.com/bugreport/"/>
    <property name="java.io.tmpdir" value="/tmp"/>
    <property name="java.version" value="11.0.1"/>
    <property name="user.dir" value="/home/jennifer/Integration/ATS/Aion-ATS-Token-Contract-Java/ATSTokenContract"/>
    <property name="os.arch" value="amd64"/>
    <property name="java.vm.specification.name" value="Java Virtual Machine Specification"/>
    <property name="java.awt.printerjob" value="sun.print.PSPrinterJob"/>
    <property name="sun.os.patch.level" value="unknown"/>
    <property name="java.library.path" value="/usr/java/packages/lib:/usr/lib64:/lib64:/lib:/usr/lib"/>
    <property name="java.vendor" value="Oracle Corporation"/>
    <property name="java.vm.info" value="mixed mode"/>
    <property name="java.vm.version" value="11.0.1+13"/>
    <property name="sun.io.unicode.encoding" value="UnicodeLittle"/>
    <property name="java.class.version" value="55.0"/>
  </properties>
  <testcase name="testOperatorSend2" classname="atsToken.ATSTokenContractTest" time="1.521"/>
  <testcase name="testBurn1" classname="atsToken.ATSTokenContractTest" time="0.67"/>
  <testcase name="testBurn2" classname="atsToken.ATSTokenContractTest" time="0.361"/>
  <testcase name="testSend1" classname="atsToken.ATSTokenContractTest" time="0.233"/>
  <testcase name="testSend2" classname="atsToken.ATSTokenContractTest" time="0.36"/>
  <testcase name="testSend3" classname="atsToken.ATSTokenContractTest" time="0.399"/>
  <testcase name="testSend4" classname="atsToken.ATSTokenContractTest" time="0.201"/>
  <testcase name="testSend5" classname="atsToken.ATSTokenContractTest" time="0.326"/>
  <testcase name="testRevokeOperator1" classname="atsToken.ATSTokenContractTest" time="0.323"/>
  <testcase name="testRevokeOperator2" classname="atsToken.ATSTokenContractTest" time="0.15"/>
  <testcase name="testRevokeOperator3" classname="atsToken.ATSTokenContractTest" time="0.224"/>
  <testcase name="testRevokeOperator4" classname="atsToken.ATSTokenContractTest" time="0.224"/>
  <testcase name="testRevokeOperator5" classname="atsToken.ATSTokenContractTest" time="0.329"/>
  <testcase name="testRevokeOperator6" classname="atsToken.ATSTokenContractTest" time="0.272"/>
  <testcase name="testRevokeOperator7" classname="atsToken.ATSTokenContractTest" time="0.313"/>
  <testcase name="testIsOperatorFor" classname="atsToken.ATSTokenContractTest" time="0.158"/>
  <testcase name="testInitialization" classname="atsToken.ATSTokenContractTest" time="0.256"/>
  <testcase name="testOperatorSend" classname="atsToken.ATSTokenContractTest" time="0.208"/>
  <testcase name="testAutorizeOperator1" classname="atsToken.ATSTokenContractTest" time="0.272"/>
  <testcase name="testAutorizeOperator2" classname="atsToken.ATSTokenContractTest" time="0.395"/>
  <testcase name="testAutorizeOperator3" classname="atsToken.ATSTokenContractTest" time="0.319"/>
  <testcase name="testAutorizeOperator4" classname="atsToken.ATSTokenContractTest" time="0.316"/>
  <testcase name="testAutorizeOperator5" classname="atsToken.ATSTokenContractTest" time="0.342"/>
  <testcase name="testGetBalanceOfNone" classname="atsToken.ATSTokenContractTest" time="0.168"/>
</testsuite>