<?xml version="1.0" encoding="UTF-8"?>
<testsuite xmlns:xsi="http://www.w3.org/2001/XMLSchema-instance" xsi:noNamespaceSchemaLocation="https://maven.apache.org/surefire/maven-surefire-plugin/xsd/surefire-test-report-3.0.xsd" version="3.0" name="org.aion.ATSTokenContractTest" time="6.017" tests="24" errors="0" skipped="0" failures="0">
  <properties>
    <property name="sun.desktop" value="gnome"/>
    <property name="awt.toolkit" value="sun.awt.X11.XToolkit"/>
    <property name="java.specification.version" value="11"/>
    <property name="sun.cpu.isalist" value=""/>
    <property name="sun.jnu.encoding" value="UTF-8"/>
    <property name="java.class.path" value="/home/jennifer/Integration/ATS/Aion-ATS-Token-Contract-Java/ATS/target/test-classes:/home/jennifer/Integration/ATS/Aion-ATS-Token-Contract-Java/ATS/target/classes:/home/jennifer/Integration/ATS/Aion-ATS-Token-Contract-Java/ATS/lib/org-aion-avm-api.jar:/home/jennifer/Integration/ATS/Aion-ATS-Token-Contract-Java/ATS/lib/org-aion-avm-userlib.jar:/home/jennifer/Integration/ATS/Aion-ATS-Token-Contract-Java/ATS/lib/org-aion-avm-tooling.jar:/home/jennifer/.m2/repository/junit/junit/4.11/junit-4.11.jar:/home/jennifer/.m2/repository/org/hamcrest/hamcrest-core/1.3/hamcrest-core-1.3.jar:/home/jennifer/.m2/repository/org/aion/ATSTokenContract/avm/1.0-SNAPSHOT/avm-1.0-SNAPSHOT.jar:"/>
    <property name="java.vm.vendor" value="Oracle Corporation"/>
    <property name="sun.arch.data.model" value="64"/>
    <property name="java.vendor.url" value="http://java.oracle.com/"/>
    <property name="user.timezone" value=""/>
    <property name="java.vm.specification.version" value="11"/>
    <property name="os.name" value="Linux"/>
    <property name="sun.java.launcher" value="SUN_STANDARD"/>
    <property name="user.country" value="US"/>
    <property name="sun.boot.library.path" value="/home/jennifer/jdk-11.0.1/lib"/>
    <property name="sun.java.command" value="/home/jennifer/Integration/ATS/Aion-ATS-Token-Contract-Java/ATS/target/surefire/surefirebooter8800037009997221401.jar /home/jennifer/Integration/ATS/Aion-ATS-Token-Contract-Java/ATS/target/surefire 2019-07-30T15-02-35_479-jvmRun1 surefire5558896941361805355tmp surefire_015298073435837353865tmp"/>
    <property name="jdk.debug" value="release"/>
    <property name="surefire.test.class.path" value="/home/jennifer/Integration/ATS/Aion-ATS-Token-Contract-Java/ATS/target/test-classes:/home/jennifer/Integration/ATS/Aion-ATS-Token-Contract-Java/ATS/target/classes:/home/jennifer/Integration/ATS/Aion-ATS-Token-Contract-Java/ATS/lib/org-aion-avm-api.jar:/home/jennifer/Integration/ATS/Aion-ATS-Token-Contract-Java/ATS/lib/org-aion-avm-userlib.jar:/home/jennifer/Integration/ATS/Aion-ATS-Token-Contract-Java/ATS/lib/org-aion-avm-tooling.jar:/home/jennifer/.m2/repository/junit/junit/4.11/junit-4.11.jar:/home/jennifer/.m2/repository/org/hamcrest/hamcrest-core/1.3/hamcrest-core-1.3.jar:/home/jennifer/.m2/repository/org/aion/ATSTokenContract/avm/1.0-SNAPSHOT/avm-1.0-SNAPSHOT.jar:"/>
    <property name="sun.cpu.endian" value="little"/>
    <property name="user.home" value="/home/jennifer"/>
    <property name="user.language" value="en"/>
    <property name="java.specification.vendor" value="Oracle Corporation"/>
    <property name="java.version.date" value="2018-10-16"/>
    <property name="java.home" value="/home/jennifer/jdk-11.0.1"/>
    <property name="file.separator" value="/"/>
    <property name="basedir" value="/home/jennifer/Integration/ATS/Aion-ATS-Token-Contract-Java/ATS"/>
    <property name="java.vm.compressedOopsMode" value="32-bit"/>
    <property name="line.separator" value="&#10;"/>
    <property name="java.specification.name" value="Java Platform API Specification"/>
    <property name="java.vm.specification.vendor" value="Oracle Corporation"/>
    <property name="java.awt.graphicsenv" value="sun.awt.X11GraphicsEnvironment"/>
    <property name="surefire.real.class.path" value="/home/jennifer/Integration/ATS/Aion-ATS-Token-Contract-Java/ATS/target/surefire/surefirebooter8800037009997221401.jar"/>
    <property name="sun.management.compiler" value="HotSpot 64-Bit Tiered Compilers"/>
    <property name="java.runtime.version" value="11.0.1+13"/>
    <property name="user.name" value="jennifer"/>
    <property name="path.separator" value=":"/>
    <property name="os.version" value="4.15.0-55-generic"/>
    <property name="java.runtime.name" value="OpenJDK Runtime Environment"/>
    <property name="file.encoding" value="UTF8"/>
    <property name="java.vm.name" value="OpenJDK 64-Bit Server VM"/>
    <property name="java.vendor.version" value="18.9"/>
    <property name="localRepository" value="/home/jennifer/.m2/repository"/>
    <property name="java.vendor.url.bug" value="http://bugreport.java.com/bugreport/"/>
    <property name="java.io.tmpdir" value="/tmp"/>
    <property name="java.version" value="11.0.1"/>
    <property name="user.dir" value="/home/jennifer/Integration/ATS/Aion-ATS-Token-Contract-Java/ATS"/>
    <property name="os.arch" value="amd64"/>
    <property name="java.vm.specification.name" value="Java Virtual Machine Specification"/>
    <property name="java.awt.printerjob" value="sun.print.PSPrinterJob"/>
    <property name="sun.os.patch.level" value="unknown"/>
    <property name="java.library.path" value="/usr/java/packages/lib:/usr/lib64:/lib64:/lib:/usr/lib"/>
    <property name="java.vendor" value="Oracle Corporation"/>
    <property name="java.vm.info" value="mixed mode"/>
    <property name="java.vm.version" value="11.0.1+13"/>
    <property name="sun.io.unicode.encoding" value="UnicodeLittle"/>
    <property name="java.class.version" value="55.0"/>
  </properties>
  <testcase name="testOperatorSend2" classname="org.aion.ATSTokenContractTest" time="1.128"/>
  <testcase name="testBurn1" classname="org.aion.ATSTokenContractTest" time="0.348"/>
  <testcase name="testBurn2" classname="org.aion.ATSTokenContractTest" time="0.299"/>
  <testcase name="testSend1" classname="org.aion.ATSTokenContractTest" time="0.275"/>
  <testcase name="testSend2" classname="org.aion.ATSTokenContractTest" time="0.332"/>
  <testcase name="testSend3" classname="org.aion.ATSTokenContractTest" time="0.346"/>
  <testcase name="testSend4" classname="org.aion.ATSTokenContractTest" time="0.179"/>
  <testcase name="testSend5" classname="org.aion.ATSTokenContractTest" time="0.304"/>
  <testcase name="testRevokeOperator1" classname="org.aion.ATSTokenContractTest" time="0.245"/>
  <testcase name="testRevokeOperator2" classname="org.aion.ATSTokenContractTest" time="0.152"/>
  <testcase name="testRevokeOperator3" classname="org.aion.ATSTokenContractTest" time="0.183"/>
  <testcase name="testRevokeOperator4" classname="org.aion.ATSTokenContractTest" time="0.207"/>
  <testcase name="testRevokeOperator5" classname="org.aion.ATSTokenContractTest" time="0.226"/>
  <testcase name="testRevokeOperator6" classname="org.aion.ATSTokenContractTest" time="0.239"/>
  <testcase name="testRevokeOperator7" classname="org.aion.ATSTokenContractTest" time="0.165"/>
  <testcase name="testIsOperatorFor" classname="org.aion.ATSTokenContractTest" time="0.151"/>
  <testcase name="testInitialization" classname="org.aion.ATSTokenContractTest" time="0.185"/>
  <testcase name="testOperatorSend" classname="org.aion.ATSTokenContractTest" time="0.15"/>
  <testcase name="testAutorizeOperator1" classname="org.aion.ATSTokenContractTest" time="0.133"/>
  <testcase name="testAutorizeOperator2" classname="org.aion.ATSTokenContractTest" time="0.148"/>
  <testcase name="testAutorizeOperator3" classname="org.aion.ATSTokenContractTest" time="0.125"/>
  <testcase name="testAutorizeOperator4" classname="org.aion.ATSTokenContractTest" time="0.191"/>
  <testcase name="testAutorizeOperator5" classname="org.aion.ATSTokenContractTest" time="0.165"/>
  <testcase name="testGetBalanceOfNone" classname="org.aion.ATSTokenContractTest" time="0.109"/>
</testsuite>