<?xml version="1.0" encoding="UTF-8"?>
<testsuite xmlns:xsi="http://www.w3.org/2001/XMLSchema-instance" xsi:noNamespaceSchemaLocation="https://maven.apache.org/surefire/maven-surefire-plugin/xsd/surefire-test-report-3.0.xsd" version="3.0" name="org.aion.ATSTokenContractTest" time="4.513" tests="28" errors="0" skipped="0" failures="0">
  <properties>
    <property name="sun.desktop" value="gnome"/>
    <property name="awt.toolkit" value="sun.awt.X11.XToolkit"/>
    <property name="java.specification.version" value="11"/>
    <property name="sun.cpu.isalist" value=""/>
    <property name="sun.jnu.encoding" value="UTF-8"/>
    <property name="java.class.path" value="/home/jennifer/Integration/ATS/Aion-ATS-Token-Contract-Java/target/test-classes:/home/jennifer/Integration/ATS/Aion-ATS-Token-Contract-Java/target/classes:/home/jennifer/Integration/ATS/Aion-ATS-Token-Contract-Java/lib/org-aion-avm-api.jar:/home/jennifer/Integration/ATS/Aion-ATS-Token-Contract-Java/lib/org-aion-avm-userlib.jar:/home/jennifer/Integration/ATS/Aion-ATS-Token-Contract-Java/lib/org-aion-avm-tooling.jar:/home/jennifer/.m2/repository/junit/junit/4.11/junit-4.11.jar:/home/jennifer/.m2/repository/org/hamcrest/hamcrest-core/1.3/hamcrest-core-1.3.jar:/home/jennifer/.m2/repository/org/aion/ATS/avm/1.0-SNAPSHOT/avm-1.0-SNAPSHOT.jar:"/>
    <property name="java.vm.vendor" value="Oracle Corporation"/>
    <property name="sun.arch.data.model" value="64"/>
    <property name="java.vendor.url" value="http://java.oracle.com/"/>
    <property name="user.timezone" value=""/>
    <property name="java.vm.specification.version" value="11"/>
    <property name="os.name" value="Linux"/>
    <property name="sun.java.launcher" value="SUN_STANDARD"/>
    <property name="user.country" value="US"/>
    <property name="sun.boot.library.path" value="/home/jennifer/jdk-11.0.1/lib"/>
    <property name="sun.java.command" value="/home/jennifer/Integration/ATS/Aion-ATS-Token-Contract-Java/target/surefire/surefirebooter13235390313353257596.jar /home/jennifer/Integration/ATS/Aion-ATS-Token-Contract-Java/target/surefire 2019-08-05T18-09-16_874-jvmRun1 surefire12380594425380295867tmp surefire_017847802219357196359tmp"/>
    <property name="jdk.debug" value="release"/>
    <property name="surefire.test.class.path" value="/home/jennifer/Integration/ATS/Aion-ATS-Token-Contract-Java/target/test-classes:/home/jennifer/Integration/ATS/Aion-ATS-Token-Contract-Java/target/classes:/home/jennifer/Integration/ATS/Aion-ATS-Token-Contract-Java/lib/org-aion-avm-api.jar:/home/jennifer/Integration/ATS/Aion-ATS-Token-Contract-Java/lib/org-aion-avm-userlib.jar:/home/jennifer/Integration/ATS/Aion-ATS-Token-Contract-Java/lib/org-aion-avm-tooling.jar:/home/jennifer/.m2/repository/junit/junit/4.11/junit-4.11.jar:/home/jennifer/.m2/repository/org/hamcrest/hamcrest-core/1.3/hamcrest-core-1.3.jar:/home/jennifer/.m2/repository/org/aion/ATS/avm/1.0-SNAPSHOT/avm-1.0-SNAPSHOT.jar:"/>
    <property name="sun.cpu.endian" value="little"/>
    <property name="user.home" value="/home/jennifer"/>
    <property name="user.language" value="en"/>
    <property name="java.specification.vendor" value="Oracle Corporation"/>
    <property name="java.version.date" value="2018-10-16"/>
    <property name="java.home" value="/home/jennifer/jdk-11.0.1"/>
    <property name="file.separator" value="/"/>
    <property name="basedir" value="/home/jennifer/Integration/ATS/Aion-ATS-Token-Contract-Java"/>
    <property name="java.vm.compressedOopsMode" value="32-bit"/>
    <property name="line.separator" value="&#10;"/>
    <property name="java.specification.name" value="Java Platform API Specification"/>
    <property name="java.vm.specification.vendor" value="Oracle Corporation"/>
    <property name="java.awt.graphicsenv" value="sun.awt.X11GraphicsEnvironment"/>
    <property name="surefire.real.class.path" value="/home/jennifer/Integration/ATS/Aion-ATS-Token-Contract-Java/target/surefire/surefirebooter13235390313353257596.jar"/>
    <property name="sun.management.compiler" value="HotSpot 64-Bit Tiered Compilers"/>
    <property name="java.runtime.version" value="11.0.1+13"/>
    <property name="user.name" value="jennifer"/>
    <property name="path.separator" value=":"/>
    <property name="os.version" value="4.15.0-55-generic"/>
    <property name="java.runtime.name" value="OpenJDK Runtime Environment"/>
    <property name="file.encoding" value="UTF8"/>
    <property name="java.vm.name" value="OpenJDK 64-Bit Server VM"/>
    <property name="java.vendor.version" value="18.9"/>
    <property name="localRepository" value="/home/jennifer/.m2/repository"/>
    <property name="java.vendor.url.bug" value="http://bugreport.java.com/bugreport/"/>
    <property name="java.io.tmpdir" value="/tmp"/>
    <property name="java.version" value="11.0.1"/>
    <property name="user.dir" value="/home/jennifer/Integration/ATS/Aion-ATS-Token-Contract-Java"/>
    <property name="os.arch" value="amd64"/>
    <property name="java.vm.specification.name" value="Java Virtual Machine Specification"/>
    <property name="java.awt.printerjob" value="sun.print.PSPrinterJob"/>
    <property name="sun.os.patch.level" value="unknown"/>
    <property name="java.library.path" value="/usr/java/packages/lib:/usr/lib64:/lib64:/lib:/usr/lib"/>
    <property name="java.vendor" value="Oracle Corporation"/>
    <property name="java.vm.info" value="mixed mode"/>
    <property name="java.vm.version" value="11.0.1+13"/>
    <property name="sun.io.unicode.encoding" value="UnicodeLittle"/>
    <property name="java.class.version" value="55.0"/>
  </properties>
  <testcase name="testBurnWrongGranularity" classname="org.aion.ATSTokenContractTest" time="1.082"/>
  <testcase name="testGetBalanceOfaZeroBalanceAccount" classname="org.aion.ATSTokenContractTest" time="0.231"/>
  <testcase name="testAuthorizeOperatorTokenHolderItselfWithoutAuthorizing" classname="org.aion.ATSTokenContractTest" time="0.199"/>
  <testcase name="testSendaValidTransaction" classname="org.aion.ATSTokenContractTest" time="0.185"/>
  <testcase name="testSendToNullAddress" classname="org.aion.ATSTokenContractTest" time="0.148"/>
  <testcase name="testAuthorizeOperatorWithaNonExistingOperator" classname="org.aion.ATSTokenContractTest" time="0.132"/>
  <testcase name="testAuthorizeOperatorTokenHolderItselfAfterAuthorizing" classname="org.aion.ATSTokenContractTest" time="0.149"/>
  <testcase name="testRevokeOperatorThatWasAnOperator" classname="org.aion.ATSTokenContractTest" time="0.128"/>
  <testcase name="testBurnWithoutEnoughBalance" classname="org.aion.ATSTokenContractTest" time="0.107"/>
  <testcase name="testOperatorBurnIsNotOperator" classname="org.aion.ATSTokenContractTest" time="0.102"/>
  <testcase name="testOperatorSendWithZeroTokenHolderAddress" classname="org.aion.ATSTokenContractTest" time="0.123"/>
  <testcase name="testSendDisobeyGranularity" classname="org.aion.ATSTokenContractTest" time="0.156"/>
  <testcase name="testInitializeBalanceToDeployer" classname="org.aion.ATSTokenContractTest" time="0.106"/>
  <testcase name="testRevokeOperatorTokenHolderItself" classname="org.aion.ATSTokenContractTest" time="0.105"/>
  <testcase name="testAuthorizeOperatorAnZeroAddress" classname="org.aion.ATSTokenContractTest" time="0.107"/>
  <testcase name="testIsOperatorForTokenHolderItself" classname="org.aion.ATSTokenContractTest" time="0.099"/>
  <testcase name="testSendanInvalidTransaction" classname="org.aion.ATSTokenContractTest" time="0.129"/>
  <testcase name="testSendToZeroAddress" classname="org.aion.ATSTokenContractTest" time="0.113"/>
  <testcase name="testAuthorizeOperatorWithAnExistingOperator" classname="org.aion.ATSTokenContractTest" time="0.11"/>
  <testcase name="testInitialization" classname="org.aion.ATSTokenContractTest" time="0.097"/>
  <testcase name="testOperatorSend" classname="org.aion.ATSTokenContractTest" time="0.101"/>
  <testcase name="testIsOperatorForWhenIsNotOperator" classname="org.aion.ATSTokenContractTest" time="0.106"/>
  <testcase name="testRevokeOperatorThatWasNotAnOperator" classname="org.aion.ATSTokenContractTest" time="0.151"/>
  <testcase name="testSendaNegativeTransaction" classname="org.aion.ATSTokenContractTest" time="0.107"/>
  <testcase name="testOperatorBurnWithZeroTokenHolderAddress" classname="org.aion.ATSTokenContractTest" time="0.108"/>
  <testcase name="testOperatorSendWhenIsNotOperator" classname="org.aion.ATSTokenContractTest" time="0.106"/>
  <testcase name="testBurnExceedEnoughBalance" classname="org.aion.ATSTokenContractTest" time="0.11"/>
  <testcase name="testBurnEnoughBalance" classname="org.aion.ATSTokenContractTest" time="0.097"/>
</testsuite>